This file contains any messages produced by compilers while
running configure, to aid debugging if configure makes a mistake.

It was created by FreeType configure 2.4.9, which was
generated by GNU Autoconf 2.68.  Invocation command line was

  $ ./configure --build=x86_64-linux-gnu --prefix=/usr --includedir=${prefix}/include --mandir=${prefix}/share/man --infodir=${prefix}/share/info --sysconfdir=/etc --localstatedir=/var --disable-silent-rules --libdir=${prefix}/lib/x86_64-linux-gnu --libexecdir=${prefix}/lib/x86_64-linux-gnu --disable-maintainer-mode --disable-dependency-tracking --without-bzip2 --libdir=/usr/lib/x86_64-linux-gnu/freetype-infinality

## --------- ##
## Platform. ##
## --------- ##

hostname = krypton
uname -m = x86_64
uname -r = 4.16.0-kali2-amd64
uname -s = Linux
uname -v = #1 SMP Debian 4.16.16-2kali1 (2018-06-25)

/usr/bin/uname -p = unknown
/bin/uname -X     = unknown

/bin/arch              = unknown
/usr/bin/arch -k       = unknown
/usr/convex/getsysinfo = unknown
/usr/bin/hostinfo      = unknown
/bin/machine           = unknown
/usr/bin/oslevel       = unknown
/bin/universe          = unknown

PATH: /usr/sbin
PATH: /usr/bin
PATH: /sbin
PATH: /bin
PATH: /usr/bin/X11


## ----------- ##
## Core tests. ##
## ----------- ##

configure:2460: checking build system type
configure:2474: result: x86_64-pc-linux-gnu
configure:2494: checking host system type
configure:2507: result: x86_64-pc-linux-gnu
configure:2579: checking for gcc
configure:2595: found /usr/bin/gcc
configure:2606: result: gcc
configure:2835: checking for C compiler version
configure:2844: gcc --version >&5
gcc (Debian 7.3.0-24) 7.3.0
Copyright (C) 2017 Free Software Foundation, Inc.
This is free software; see the source for copying conditions.  There is NO
warranty; not even for MERCHANTABILITY or FITNESS FOR A PARTICULAR PURPOSE.

configure:2855: $? = 0
configure:2844: gcc -v >&5
Using built-in specs.
COLLECT_GCC=gcc
COLLECT_LTO_WRAPPER=/usr/lib/gcc/x86_64-linux-gnu/7/lto-wrapper
OFFLOAD_TARGET_NAMES=nvptx-none
OFFLOAD_TARGET_DEFAULT=1
Target: x86_64-linux-gnu
Configured with: ../src/configure -v --with-pkgversion='Debian 7.3.0-24' --with-bugurl=file:///usr/share/doc/gcc-7/README.Bugs --enable-languages=c,ada,c++,go,brig,d,fortran,objc,obj-c++ --prefix=/usr --with-gcc-major-version-only --program-suffix=-7 --program-prefix=x86_64-linux-gnu- --enable-shared --enable-linker-build-id --libexecdir=/usr/lib --without-included-gettext --enable-threads=posix --libdir=/usr/lib --enable-nls --with-sysroot=/ --enable-clocale=gnu --enable-libstdcxx-debug --enable-libstdcxx-time=yes --with-default-libstdcxx-abi=new --enable-gnu-unique-object --disable-vtable-verify --enable-libmpx --enable-plugin --enable-default-pie --with-system-zlib --with-target-system-zlib --enable-objc-gc=auto --enable-multiarch --disable-werror --with-arch-32=i686 --with-abi=m64 --with-multilib-list=m32,m64,mx32 --enable-multilib --with-tune=generic --enable-offload-targets=nvptx-none --without-cuda-driver --enable-checking=release --build=x86_64-linux-gnu --host=x86_64-linux-gnu --target=x86_64-linux-gnu
Thread model: posix
gcc version 7.3.0 (Debian 7.3.0-24) 
configure:2855: $? = 0
configure:2844: gcc -V >&5
gcc: error: unrecognized command line option '-V'
gcc: fatal error: no input files
compilation terminated.
configure:2855: $? = 1
configure:2844: gcc -qversion >&5
gcc: error: unrecognized command line option '-qversion'; did you mean '--version'?
gcc: fatal error: no input files
compilation terminated.
configure:2855: $? = 1
configure:2875: checking whether the C compiler works
configure:2897: gcc -g -O2 -fdebug-prefix-map=/root/dotkali/src/fontinstall/freetype-infinality/freetype-2.4.9=. -fstack-protector-strong -Wformat -Werror=format-security -D_GNU_SOURCE=1 -D_GNU_SOURCE=1 -Wdate-time -D_FORTIFY_SOURCE=2 -Wl,-z,relro -lm conftest.c  >&5
configure:2901: $? = 0
configure:2949: result: yes
configure:2952: checking for C compiler default output file name
configure:2954: result: a.out
configure:2960: checking for suffix of executables
configure:2967: gcc -o conftest -g -O2 -fdebug-prefix-map=/root/dotkali/src/fontinstall/freetype-infinality/freetype-2.4.9=. -fstack-protector-strong -Wformat -Werror=format-security -D_GNU_SOURCE=1 -D_GNU_SOURCE=1 -Wdate-time -D_FORTIFY_SOURCE=2 -Wl,-z,relro -lm conftest.c  >&5
configure:2971: $? = 0
configure:2993: result: 
configure:3015: checking whether we are cross compiling
configure:3023: gcc -o conftest -g -O2 -fdebug-prefix-map=/root/dotkali/src/fontinstall/freetype-infinality/freetype-2.4.9=. -fstack-protector-strong -Wformat -Werror=format-security -D_GNU_SOURCE=1 -D_GNU_SOURCE=1 -Wdate-time -D_FORTIFY_SOURCE=2 -Wl,-z,relro -lm conftest.c  >&5
configure:3027: $? = 0
configure:3034: ./conftest
configure:3038: $? = 0
configure:3053: result: no
configure:3058: checking for suffix of object files
configure:3080: gcc -c -g -O2 -fdebug-prefix-map=/root/dotkali/src/fontinstall/freetype-infinality/freetype-2.4.9=. -fstack-protector-strong -Wformat -Werror=format-security -D_GNU_SOURCE=1 -D_GNU_SOURCE=1 -Wdate-time -D_FORTIFY_SOURCE=2 conftest.c >&5
configure:3084: $? = 0
configure:3105: result: o
configure:3109: checking whether we are using the GNU C compiler
configure:3128: gcc -c -g -O2 -fdebug-prefix-map=/root/dotkali/src/fontinstall/freetype-infinality/freetype-2.4.9=. -fstack-protector-strong -Wformat -Werror=format-security -D_GNU_SOURCE=1 -D_GNU_SOURCE=1 -Wdate-time -D_FORTIFY_SOURCE=2 conftest.c >&5
configure:3128: $? = 0
configure:3137: result: yes
configure:3146: checking whether gcc accepts -g
configure:3166: gcc -c -g -Wdate-time -D_FORTIFY_SOURCE=2 conftest.c >&5
configure:3166: $? = 0
configure:3207: result: yes
configure:3224: checking for gcc option to accept ISO C89
configure:3288: gcc  -c -g -O2 -fdebug-prefix-map=/root/dotkali/src/fontinstall/freetype-infinality/freetype-2.4.9=. -fstack-protector-strong -Wformat -Werror=format-security -D_GNU_SOURCE=1 -D_GNU_SOURCE=1 -Wdate-time -D_FORTIFY_SOURCE=2 conftest.c >&5
configure:3288: $? = 0
configure:3301: result: none needed
configure:3326: checking how to run the C preprocessor
configure:3357: gcc -E -Wdate-time -D_FORTIFY_SOURCE=2 conftest.c
configure:3357: $? = 0
configure:3371: gcc -E -Wdate-time -D_FORTIFY_SOURCE=2 conftest.c
conftest.c:9:10: fatal error: ac_nonexistent.h: No such file or directory
 #include <ac_nonexistent.h>
          ^~~~~~~~~~~~~~~~~~
compilation terminated.
configure:3371: $? = 1
configure: failed program was:
| /* confdefs.h */
| #define PACKAGE_NAME "FreeType"
| #define PACKAGE_TARNAME "freetype"
| #define PACKAGE_VERSION "2.4.9"
| #define PACKAGE_STRING "FreeType 2.4.9"
| #define PACKAGE_BUGREPORT "freetype@nongnu.org"
| #define PACKAGE_URL ""
| /* end confdefs.h.  */
| #include <ac_nonexistent.h>
configure:3396: result: gcc -E
configure:3416: gcc -E -Wdate-time -D_FORTIFY_SOURCE=2 conftest.c
configure:3416: $? = 0
configure:3430: gcc -E -Wdate-time -D_FORTIFY_SOURCE=2 conftest.c
conftest.c:9:10: fatal error: ac_nonexistent.h: No such file or directory
 #include <ac_nonexistent.h>
          ^~~~~~~~~~~~~~~~~~
compilation terminated.
configure:3430: $? = 1
configure: failed program was:
| /* confdefs.h */
| #define PACKAGE_NAME "FreeType"
| #define PACKAGE_TARNAME "freetype"
| #define PACKAGE_VERSION "2.4.9"
| #define PACKAGE_STRING "FreeType 2.4.9"
| #define PACKAGE_BUGREPORT "freetype@nongnu.org"
| #define PACKAGE_URL ""
| /* end confdefs.h.  */
| #include <ac_nonexistent.h>
configure:3646: checking for rm
configure:3662: found /bin/rm
configure:3673: result: rm -f
configure:3683: checking for rmdir
configure:3699: found /bin/rmdir
configure:3710: result: rmdir
configure:3738: checking for a BSD-compatible install
configure:3806: result: /usr/bin/install -c
configure:3830: checking for grep that handles long lines and -e
configure:3888: result: /bin/grep
configure:3893: checking for egrep
configure:3955: result: /bin/grep -E
configure:3960: checking for ANSI C header files
configure:3980: gcc -c -g -O2 -fdebug-prefix-map=/root/dotkali/src/fontinstall/freetype-infinality/freetype-2.4.9=. -fstack-protector-strong -Wformat -Werror=format-security -D_GNU_SOURCE=1 -D_GNU_SOURCE=1 -Wdate-time -D_FORTIFY_SOURCE=2 conftest.c >&5
configure:3980: $? = 0
configure:4053: gcc -o conftest -g -O2 -fdebug-prefix-map=/root/dotkali/src/fontinstall/freetype-infinality/freetype-2.4.9=. -fstack-protector-strong -Wformat -Werror=format-security -D_GNU_SOURCE=1 -D_GNU_SOURCE=1 -Wdate-time -D_FORTIFY_SOURCE=2 -Wl,-z,relro -lm conftest.c  >&5
configure:4053: $? = 0
configure:4053: ./conftest
configure:4053: $? = 0
configure:4064: result: yes
configure:4077: checking for sys/types.h
configure:4077: gcc -c -g -O2 -fdebug-prefix-map=/root/dotkali/src/fontinstall/freetype-infinality/freetype-2.4.9=. -fstack-protector-strong -Wformat -Werror=format-security -D_GNU_SOURCE=1 -D_GNU_SOURCE=1 -Wdate-time -D_FORTIFY_SOURCE=2 conftest.c >&5
configure:4077: $? = 0
configure:4077: result: yes
configure:4077: checking for sys/stat.h
configure:4077: gcc -c -g -O2 -fdebug-prefix-map=/root/dotkali/src/fontinstall/freetype-infinality/freetype-2.4.9=. -fstack-protector-strong -Wformat -Werror=format-security -D_GNU_SOURCE=1 -D_GNU_SOURCE=1 -Wdate-time -D_FORTIFY_SOURCE=2 conftest.c >&5
configure:4077: $? = 0
configure:4077: result: yes
configure:4077: checking for stdlib.h
configure:4077: gcc -c -g -O2 -fdebug-prefix-map=/root/dotkali/src/fontinstall/freetype-infinality/freetype-2.4.9=. -fstack-protector-strong -Wformat -Werror=format-security -D_GNU_SOURCE=1 -D_GNU_SOURCE=1 -Wdate-time -D_FORTIFY_SOURCE=2 conftest.c >&5
configure:4077: $? = 0
configure:4077: result: yes
configure:4077: checking for string.h
configure:4077: gcc -c -g -O2 -fdebug-prefix-map=/root/dotkali/src/fontinstall/freetype-infinality/freetype-2.4.9=. -fstack-protector-strong -Wformat -Werror=format-security -D_GNU_SOURCE=1 -D_GNU_SOURCE=1 -Wdate-time -D_FORTIFY_SOURCE=2 conftest.c >&5
configure:4077: $? = 0
configure:4077: result: yes
configure:4077: checking for memory.h
configure:4077: gcc -c -g -O2 -fdebug-prefix-map=/root/dotkali/src/fontinstall/freetype-infinality/freetype-2.4.9=. -fstack-protector-strong -Wformat -Werror=format-security -D_GNU_SOURCE=1 -D_GNU_SOURCE=1 -Wdate-time -D_FORTIFY_SOURCE=2 conftest.c >&5
configure:4077: $? = 0
configure:4077: result: yes
configure:4077: checking for strings.h
configure:4077: gcc -c -g -O2 -fdebug-prefix-map=/root/dotkali/src/fontinstall/freetype-infinality/freetype-2.4.9=. -fstack-protector-strong -Wformat -Werror=format-security -D_GNU_SOURCE=1 -D_GNU_SOURCE=1 -Wdate-time -D_FORTIFY_SOURCE=2 conftest.c >&5
configure:4077: $? = 0
configure:4077: result: yes
configure:4077: checking for inttypes.h
configure:4077: gcc -c -g -O2 -fdebug-prefix-map=/root/dotkali/src/fontinstall/freetype-infinality/freetype-2.4.9=. -fstack-protector-strong -Wformat -Werror=format-security -D_GNU_SOURCE=1 -D_GNU_SOURCE=1 -Wdate-time -D_FORTIFY_SOURCE=2 conftest.c >&5
configure:4077: $? = 0
configure:4077: result: yes
configure:4077: checking for stdint.h
configure:4077: gcc -c -g -O2 -fdebug-prefix-map=/root/dotkali/src/fontinstall/freetype-infinality/freetype-2.4.9=. -fstack-protector-strong -Wformat -Werror=format-security -D_GNU_SOURCE=1 -D_GNU_SOURCE=1 -Wdate-time -D_FORTIFY_SOURCE=2 conftest.c >&5
configure:4077: $? = 0
configure:4077: result: yes
configure:4077: checking for unistd.h
configure:4077: gcc -c -g -O2 -fdebug-prefix-map=/root/dotkali/src/fontinstall/freetype-infinality/freetype-2.4.9=. -fstack-protector-strong -Wformat -Werror=format-security -D_GNU_SOURCE=1 -D_GNU_SOURCE=1 -Wdate-time -D_FORTIFY_SOURCE=2 conftest.c >&5
configure:4077: $? = 0
configure:4077: result: yes
configure:4092: checking fcntl.h usability
configure:4092: gcc -c -g -O2 -fdebug-prefix-map=/root/dotkali/src/fontinstall/freetype-infinality/freetype-2.4.9=. -fstack-protector-strong -Wformat -Werror=format-security -D_GNU_SOURCE=1 -D_GNU_SOURCE=1 -Wdate-time -D_FORTIFY_SOURCE=2 conftest.c >&5
configure:4092: $? = 0
configure:4092: result: yes
configure:4092: checking fcntl.h presence
configure:4092: gcc -E -Wdate-time -D_FORTIFY_SOURCE=2 conftest.c
configure:4092: $? = 0
configure:4092: result: yes
configure:4092: checking for fcntl.h
configure:4092: result: yes
configure:4092: checking for unistd.h
configure:4092: result: yes
configure:4106: checking for an ANSI C-conforming const
configure:4171: gcc -c -g -O2 -fdebug-prefix-map=/root/dotkali/src/fontinstall/freetype-infinality/freetype-2.4.9=. -fstack-protector-strong -Wformat -Werror=format-security -D_GNU_SOURCE=1 -D_GNU_SOURCE=1 -Wdate-time -D_FORTIFY_SOURCE=2 conftest.c >&5
configure:4171: $? = 0
configure:4178: result: yes
configure:4190: checking size of int
configure:4195: gcc -o conftest -g -O2 -fdebug-prefix-map=/root/dotkali/src/fontinstall/freetype-infinality/freetype-2.4.9=. -fstack-protector-strong -Wformat -Werror=format-security -D_GNU_SOURCE=1 -D_GNU_SOURCE=1 -Wdate-time -D_FORTIFY_SOURCE=2 -Wl,-z,relro -lm conftest.c  >&5
configure:4195: $? = 0
configure:4195: ./conftest
configure:4195: $? = 0
configure:4209: result: 4
configure:4223: checking size of long
configure:4228: gcc -o conftest -g -O2 -fdebug-prefix-map=/root/dotkali/src/fontinstall/freetype-infinality/freetype-2.4.9=. -fstack-protector-strong -Wformat -Werror=format-security -D_GNU_SOURCE=1 -D_GNU_SOURCE=1 -Wdate-time -D_FORTIFY_SOURCE=2 -Wl,-z,relro -lm conftest.c  >&5
configure:4228: $? = 0
configure:4228: ./conftest
configure:4228: $? = 0
configure:4242: result: 8
configure:4256: checking whether cpp computation of bit length in ftconfig.in works
configure:4307: result: yes
configure:4344: checking for stdlib.h
configure:4344: result: yes
configure:4344: checking for unistd.h
configure:4344: result: yes
configure:4344: checking for sys/param.h
configure:4344: gcc -c -g -O2 -fdebug-prefix-map=/root/dotkali/src/fontinstall/freetype-infinality/freetype-2.4.9=. -fstack-protector-strong -Wformat -Werror=format-security -D_GNU_SOURCE=1 -D_GNU_SOURCE=1 -Wdate-time -D_FORTIFY_SOURCE=2 conftest.c >&5
configure:4344: $? = 0
configure:4344: result: yes
configure:4364: checking for getpagesize
configure:4364: gcc -o conftest -g -O2 -fdebug-prefix-map=/root/dotkali/src/fontinstall/freetype-infinality/freetype-2.4.9=. -fstack-protector-strong -Wformat -Werror=format-security -D_GNU_SOURCE=1 -D_GNU_SOURCE=1 -Wdate-time -D_FORTIFY_SOURCE=2 -Wl,-z,relro -lm conftest.c  >&5
configure:4364: $? = 0
configure:4364: result: yes
configure:4373: checking for working mmap
configure:4520: gcc -o conftest -g -O2 -fdebug-prefix-map=/root/dotkali/src/fontinstall/freetype-infinality/freetype-2.4.9=. -fstack-protector-strong -Wformat -Werror=format-security -D_GNU_SOURCE=1 -D_GNU_SOURCE=1 -Wdate-time -D_FORTIFY_SOURCE=2 -Wl,-z,relro -lm conftest.c  >&5
configure:4520: $? = 0
configure:4520: ./conftest
configure:4520: $? = 0
configure:4530: result: yes
configure:4546: checking whether munmap is declared
configure:4546: gcc -c -g -O2 -fdebug-prefix-map=/root/dotkali/src/fontinstall/freetype-infinality/freetype-2.4.9=. -fstack-protector-strong -Wformat -Werror=format-security -D_GNU_SOURCE=1 -D_GNU_SOURCE=1 -Wdate-time -D_FORTIFY_SOURCE=2 conftest.c >&5
configure:4546: $? = 0
configure:4546: result: yes
configure:4566: checking for munmap's first parameter type
configure:4580: gcc -c -g -O2 -fdebug-prefix-map=/root/dotkali/src/fontinstall/freetype-infinality/freetype-2.4.9=. -fstack-protector-strong -Wformat -Werror=format-security -D_GNU_SOURCE=1 -D_GNU_SOURCE=1 -Wdate-time -D_FORTIFY_SOURCE=2 conftest.c >&5
configure:4580: $? = 0
configure:4581: result: void *
configure:4598: checking for memcpy
configure:4598: gcc -o conftest -g -O2 -fdebug-prefix-map=/root/dotkali/src/fontinstall/freetype-infinality/freetype-2.4.9=. -fstack-protector-strong -Wformat -Werror=format-security -D_GNU_SOURCE=1 -D_GNU_SOURCE=1 -Wdate-time -D_FORTIFY_SOURCE=2 -Wl,-z,relro -lm conftest.c  >&5
conftest.c:53:6: warning: conflicting types for built-in function 'memcpy' [-Wbuiltin-declaration-mismatch]
 char memcpy ();
      ^~~~~~
configure:4598: $? = 0
configure:4598: result: yes
configure:4598: checking for memmove
configure:4598: gcc -o conftest -g -O2 -fdebug-prefix-map=/root/dotkali/src/fontinstall/freetype-infinality/freetype-2.4.9=. -fstack-protector-strong -Wformat -Werror=format-security -D_GNU_SOURCE=1 -D_GNU_SOURCE=1 -Wdate-time -D_FORTIFY_SOURCE=2 -Wl,-z,relro -lm conftest.c  >&5
conftest.c:54:6: warning: conflicting types for built-in function 'memmove' [-Wbuiltin-declaration-mismatch]
 char memmove ();
      ^~~~~~~
configure:4598: $? = 0
configure:4598: result: yes
configure:4619: checking for gzsetparams in -lz
configure:4644: gcc -o conftest -g -O2 -fdebug-prefix-map=/root/dotkali/src/fontinstall/freetype-infinality/freetype-2.4.9=. -fstack-protector-strong -Wformat -Werror=format-security -D_GNU_SOURCE=1 -D_GNU_SOURCE=1 -Wdate-time -D_FORTIFY_SOURCE=2 -Wl,-z,relro -lm conftest.c -lz   >&5
configure:4644: $? = 0
configure:4653: result: yes
configure:4656: checking zlib.h usability
configure:4656: gcc -c -g -O2 -fdebug-prefix-map=/root/dotkali/src/fontinstall/freetype-infinality/freetype-2.4.9=. -fstack-protector-strong -Wformat -Werror=format-security -D_GNU_SOURCE=1 -D_GNU_SOURCE=1 -Wdate-time -D_FORTIFY_SOURCE=2 conftest.c >&5
configure:4656: $? = 0
configure:4656: result: yes
configure:4656: checking zlib.h presence
configure:4656: gcc -E -Wdate-time -D_FORTIFY_SOURCE=2 conftest.c
configure:4656: $? = 0
configure:4656: result: yes
configure:4656: checking for zlib.h
configure:4656: result: yes
configure:5367: checking how to print strings
configure:5394: result: printf
configure:5415: checking for a sed that does not truncate output
configure:5479: result: /bin/sed
configure:5497: checking for fgrep
configure:5559: result: /bin/grep -F
configure:5594: checking for ld used by gcc
configure:5661: result: /usr/bin/ld
configure:5668: checking if the linker (/usr/bin/ld) is GNU ld
configure:5683: result: yes
configure:5695: checking for BSD- or MS-compatible name lister (nm)
configure:5744: result: /usr/bin/nm -B
configure:5874: checking the name lister (/usr/bin/nm -B) interface
configure:5881: gcc -c -g -O2 -fdebug-prefix-map=/root/dotkali/src/fontinstall/freetype-infinality/freetype-2.4.9=. -fstack-protector-strong -Wformat -Werror=format-security -D_GNU_SOURCE=1 -D_GNU_SOURCE=1 -DFT_CONFIG_OPTION_SYSTEM_ZLIB -Wdate-time -D_FORTIFY_SOURCE=2 conftest.c >&5
configure:5884: /usr/bin/nm -B "conftest.o"
configure:5887: output
0000000000000000 B some_variable
configure:5894: result: BSD nm
configure:5897: checking whether ln -s works
configure:5901: result: yes
configure:5909: checking the maximum length of command line arguments
configure:6039: result: 1572864
configure:6056: checking whether the shell understands some XSI constructs
configure:6066: result: yes
configure:6070: checking whether the shell understands "+="
configure:6076: result: yes
configure:6111: checking how to convert x86_64-pc-linux-gnu file names to x86_64-pc-linux-gnu format
configure:6151: result: func_convert_file_noop
configure:6158: checking how to convert x86_64-pc-linux-gnu file names to toolchain format
configure:6178: result: func_convert_file_noop
configure:6185: checking for /usr/bin/ld option to reload object files
configure:6192: result: -r
configure:6266: checking for objdump
configure:6282: found /usr/bin/objdump
configure:6293: result: objdump
configure:6322: checking how to recognize dependent libraries
configure:6524: result: pass_all
configure:6609: checking for dlltool
configure:6639: result: no
configure:6666: checking how to associate runtime and link libraries
configure:6693: result: printf %s\n
configure:6753: checking for ar
configure:6769: found /usr/bin/ar
configure:6780: result: ar
configure:6817: checking for archiver @FILE support
configure:6834: gcc -c -g -O2 -fdebug-prefix-map=/root/dotkali/src/fontinstall/freetype-infinality/freetype-2.4.9=. -fstack-protector-strong -Wformat -Werror=format-security -D_GNU_SOURCE=1 -D_GNU_SOURCE=1 -DFT_CONFIG_OPTION_SYSTEM_ZLIB -Wdate-time -D_FORTIFY_SOURCE=2 conftest.c >&5
configure:6834: $? = 0
configure:6837: ar cru libconftest.a @conftest.lst >&5
ar: `u' modifier ignored since `D' is the default (see `U')
configure:6840: $? = 0
configure:6845: ar cru libconftest.a @conftest.lst >&5
ar: `u' modifier ignored since `D' is the default (see `U')
ar: conftest.o: No such file or directory
configure:6848: $? = 1
configure:6860: result: @
configure:6918: checking for strip
configure:6934: found /usr/bin/strip
configure:6945: result: strip
configure:7017: checking for ranlib
configure:7033: found /usr/bin/ranlib
configure:7044: result: ranlib
configure:7121: checking for gawk
configure:7137: found /usr/bin/gawk
configure:7148: result: gawk
configure:7188: checking command to parse /usr/bin/nm -B output from gcc object
configure:7308: gcc -c -g -O2 -fdebug-prefix-map=/root/dotkali/src/fontinstall/freetype-infinality/freetype-2.4.9=. -fstack-protector-strong -Wformat -Werror=format-security -D_GNU_SOURCE=1 -D_GNU_SOURCE=1 -DFT_CONFIG_OPTION_SYSTEM_ZLIB -Wdate-time -D_FORTIFY_SOURCE=2 conftest.c >&5
configure:7311: $? = 0
configure:7315: /usr/bin/nm -B conftest.o \| sed -n -e 's/^.*[ ]\([ABCDGIRSTW][ABCDGIRSTW]*\)[ ][ ]*\([_A-Za-z][_A-Za-z0-9]*\)$/\1 \2 \2/p' | sed '/ __gnu_lto/d' \> conftest.nm
configure:7318: $? = 0
configure:7384: gcc -o conftest -g -O2 -fdebug-prefix-map=/root/dotkali/src/fontinstall/freetype-infinality/freetype-2.4.9=. -fstack-protector-strong -Wformat -Werror=format-security -D_GNU_SOURCE=1 -D_GNU_SOURCE=1 -DFT_CONFIG_OPTION_SYSTEM_ZLIB -Wdate-time -D_FORTIFY_SOURCE=2 -Wl,-z,relro -lm -lz conftest.c conftstm.o >&5
configure:7387: $? = 0
configure:7425: result: ok
configure:7462: checking for sysroot
configure:7492: result: no
configure:7569: gcc -c -g -O2 -fdebug-prefix-map=/root/dotkali/src/fontinstall/freetype-infinality/freetype-2.4.9=. -fstack-protector-strong -Wformat -Werror=format-security -D_GNU_SOURCE=1 -D_GNU_SOURCE=1 -DFT_CONFIG_OPTION_SYSTEM_ZLIB -Wdate-time -D_FORTIFY_SOURCE=2 conftest.c >&5
configure:7572: $? = 0
configure:7748: checking for mt
configure:7764: found /bin/mt
configure:7775: result: mt
configure:7798: checking if mt is a manifest tool
configure:7804: mt '-?'
configure:7812: result: no
configure:8451: checking for dlfcn.h
configure:8451: gcc -c -g -O2 -fdebug-prefix-map=/root/dotkali/src/fontinstall/freetype-infinality/freetype-2.4.9=. -fstack-protector-strong -Wformat -Werror=format-security -D_GNU_SOURCE=1 -D_GNU_SOURCE=1 -DFT_CONFIG_OPTION_SYSTEM_ZLIB -Wdate-time -D_FORTIFY_SOURCE=2 conftest.c >&5
configure:8451: $? = 0
configure:8451: result: yes
configure:8955: checking for objdir
configure:8970: result: .libs
configure:9237: checking if gcc supports -fno-rtti -fno-exceptions
configure:9255: gcc -c -g -O2 -fdebug-prefix-map=/root/dotkali/src/fontinstall/freetype-infinality/freetype-2.4.9=. -fstack-protector-strong -Wformat -Werror=format-security -D_GNU_SOURCE=1 -D_GNU_SOURCE=1 -DFT_CONFIG_OPTION_SYSTEM_ZLIB -Wdate-time -D_FORTIFY_SOURCE=2 -fno-rtti -fno-exceptions conftest.c >&5
cc1: warning: command line option '-fno-rtti' is valid for C++/ObjC++ but not for C
configure:9259: $? = 0
configure:9272: result: no
configure:9599: checking for gcc option to produce PIC
configure:9606: result: -fPIC -DPIC
configure:9614: checking if gcc PIC flag -fPIC -DPIC works
configure:9632: gcc -c -g -O2 -fdebug-prefix-map=/root/dotkali/src/fontinstall/freetype-infinality/freetype-2.4.9=. -fstack-protector-strong -Wformat -Werror=format-security -D_GNU_SOURCE=1 -D_GNU_SOURCE=1 -DFT_CONFIG_OPTION_SYSTEM_ZLIB -Wdate-time -D_FORTIFY_SOURCE=2 -fPIC -DPIC -DPIC conftest.c >&5
configure:9636: $? = 0
configure:9649: result: yes
configure:9678: checking if gcc static flag -static works
configure:9706: result: yes
configure:9721: checking if gcc supports -c -o file.o
configure:9742: gcc -c -g -O2 -fdebug-prefix-map=/root/dotkali/src/fontinstall/freetype-infinality/freetype-2.4.9=. -fstack-protector-strong -Wformat -Werror=format-security -D_GNU_SOURCE=1 -D_GNU_SOURCE=1 -DFT_CONFIG_OPTION_SYSTEM_ZLIB -Wdate-time -D_FORTIFY_SOURCE=2 -o out/conftest2.o conftest.c >&5
configure:9746: $? = 0
configure:9768: result: yes
configure:9776: checking if gcc supports -c -o file.o
configure:9823: result: yes
configure:9856: checking whether the gcc linker (/usr/bin/ld -m elf_x86_64) supports shared libraries
configure:11009: result: yes
configure:11046: checking whether -lc should be explicitly linked in
configure:11054: gcc -c -g -O2 -fdebug-prefix-map=/root/dotkali/src/fontinstall/freetype-infinality/freetype-2.4.9=. -fstack-protector-strong -Wformat -Werror=format-security -D_GNU_SOURCE=1 -D_GNU_SOURCE=1 -DFT_CONFIG_OPTION_SYSTEM_ZLIB -Wdate-time -D_FORTIFY_SOURCE=2 conftest.c >&5
configure:11057: $? = 0
configure:11072: gcc -shared  -fPIC -DPIC conftest.o  -v -Wl,-soname -Wl,conftest -o conftest 2\>\&1 \| /bin/grep  -lc  \>/dev/null 2\>\&1
configure:11075: $? = 0
configure:11089: result: no
configure:11249: checking dynamic linker characteristics
configure:11760: gcc -o conftest -g -O2 -fdebug-prefix-map=/root/dotkali/src/fontinstall/freetype-infinality/freetype-2.4.9=. -fstack-protector-strong -Wformat -Werror=format-security -D_GNU_SOURCE=1 -D_GNU_SOURCE=1 -DFT_CONFIG_OPTION_SYSTEM_ZLIB -Wdate-time -D_FORTIFY_SOURCE=2 -Wl,-z,relro -lm -lz -Wl,-rpath -Wl,/foo conftest.c  >&5
configure:11760: $? = 0
configure:11982: result: GNU/Linux ld.so
configure:12089: checking how to hardcode library paths into programs
configure:12114: result: immediate
configure:12654: checking whether stripping libraries is possible
configure:12659: result: yes
configure:12694: checking if libtool supports shared libraries
configure:12696: result: yes
configure:12699: checking whether to build shared libraries
configure:12720: result: yes
configure:12723: checking whether to build static libraries
configure:12727: result: yes
configure:12902: creating ./config.status

## ---------------------- ##
## Running config.status. ##
## ---------------------- ##

This file was extended by FreeType config.status 2.4.9, which was
generated by GNU Autoconf 2.68.  Invocation command line was

  CONFIG_FILES    = 
  CONFIG_HEADERS  = 
  CONFIG_LINKS    = 
  CONFIG_COMMANDS = 
  $ ./config.status 

on krypton

config.status:1089: creating unix-cc.mk
config.status:1089: creating unix-def.mk
config.status:1089: creating freetype-config
config.status:1089: creating freetype2.pc
config.status:1089: creating ftconfig.h
config.status:1278: executing libtool commands
configure:15009: WARNING: unrecognized options: --disable-silent-rules, --disable-maintainer-mode, --disable-dependency-tracking

## ---------------- ##
## Cache variables. ##
## ---------------- ##

ac_cv_build=x86_64-pc-linux-gnu
ac_cv_c_compiler_gnu=yes
ac_cv_c_const=yes
ac_cv_env_CC_set=
ac_cv_env_CC_value=
ac_cv_env_CFLAGS_set=set
ac_cv_env_CFLAGS_value='-g -O2 -fdebug-prefix-map=/root/dotkali/src/fontinstall/freetype-infinality/freetype-2.4.9=. -fstack-protector-strong -Wformat -Werror=format-security -D_GNU_SOURCE=1 -D_GNU_SOURCE=1'
ac_cv_env_CPPFLAGS_set=set
ac_cv_env_CPPFLAGS_value='-Wdate-time -D_FORTIFY_SOURCE=2'
ac_cv_env_CPP_set=
ac_cv_env_CPP_value=
ac_cv_env_LDFLAGS_set=set
ac_cv_env_LDFLAGS_value='-Wl,-z,relro -lm'
ac_cv_env_LIBS_set=
ac_cv_env_LIBS_value=
ac_cv_env_build_alias_set=set
ac_cv_env_build_alias_value=x86_64-linux-gnu
ac_cv_env_host_alias_set=
ac_cv_env_host_alias_value=
ac_cv_env_target_alias_set=
ac_cv_env_target_alias_value=
ac_cv_func_getpagesize=yes
ac_cv_func_memcpy=yes
ac_cv_func_memmove=yes
ac_cv_func_mmap_fixed_mapped=yes
ac_cv_have_decl_munmap=yes
ac_cv_header_dlfcn_h=yes
ac_cv_header_fcntl_h=yes
ac_cv_header_inttypes_h=yes
ac_cv_header_memory_h=yes
ac_cv_header_stdc=yes
ac_cv_header_stdint_h=yes
ac_cv_header_stdlib_h=yes
ac_cv_header_string_h=yes
ac_cv_header_strings_h=yes
ac_cv_header_sys_param_h=yes
ac_cv_header_sys_stat_h=yes
ac_cv_header_sys_types_h=yes
ac_cv_header_unistd_h=yes
ac_cv_header_zlib_h=yes
ac_cv_host=x86_64-pc-linux-gnu
ac_cv_lib_z_gzsetparams=yes
ac_cv_objext=o
ac_cv_path_EGREP='/bin/grep -E'
ac_cv_path_FGREP='/bin/grep -F'
ac_cv_path_GREP=/bin/grep
ac_cv_path_SED=/bin/sed
ac_cv_path_install='/usr/bin/install -c'
ac_cv_prog_AWK=gawk
ac_cv_prog_CPP='gcc -E'
ac_cv_prog_RMDIR=rmdir
ac_cv_prog_RMF='rm -f'
ac_cv_prog_ac_ct_AR=ar
ac_cv_prog_ac_ct_CC=gcc
ac_cv_prog_ac_ct_MANIFEST_TOOL=mt
ac_cv_prog_ac_ct_OBJDUMP=objdump
ac_cv_prog_ac_ct_RANLIB=ranlib
ac_cv_prog_ac_ct_STRIP=strip
ac_cv_prog_cc_c89=
ac_cv_prog_cc_g=yes
ac_cv_sizeof_int=4
ac_cv_sizeof_long=8
lt_cv_ar_at_file=@
lt_cv_archive_cmds_need_lc=no
lt_cv_deplibs_check_method=pass_all
lt_cv_file_magic_cmd='$MAGIC_CMD'
lt_cv_file_magic_test_file=
lt_cv_ld_reload_flag=-r
lt_cv_nm_interface='BSD nm'
lt_cv_objdir=.libs
lt_cv_path_LD=/usr/bin/ld
lt_cv_path_NM='/usr/bin/nm -B'
lt_cv_path_mainfest_tool=no
lt_cv_prog_compiler_c_o=yes
lt_cv_prog_compiler_pic='-fPIC -DPIC'
lt_cv_prog_compiler_pic_works=yes
lt_cv_prog_compiler_rtti_exceptions=no
lt_cv_prog_compiler_static_works=yes
lt_cv_prog_gnu_ld=yes
lt_cv_sharedlib_from_linklib_cmd='printf %s\n'
lt_cv_shlibpath_overrides_runpath=yes
lt_cv_sys_global_symbol_pipe='sed -n -e '\''s/^.*[	 ]\([ABCDGIRSTW][ABCDGIRSTW]*\)[	 ][	 ]*\([_A-Za-z][_A-Za-z0-9]*\)$/\1 \2 \2/p'\'' | sed '\''/ __gnu_lto/d'\'''
lt_cv_sys_global_symbol_to_c_name_address='sed -n -e '\''s/^: \([^ ]*\)[ ]*$/  {\"\1\", (void *) 0},/p'\'' -e '\''s/^[ABCDGIRSTW]* \([^ ]*\) \([^ ]*\)$/  {"\2", (void *) \&\2},/p'\'''
lt_cv_sys_global_symbol_to_c_name_address_lib_prefix='sed -n -e '\''s/^: \([^ ]*\)[ ]*$/  {\"\1\", (void *) 0},/p'\'' -e '\''s/^[ABCDGIRSTW]* \([^ ]*\) \(lib[^ ]*\)$/  {"\2", (void *) \&\2},/p'\'' -e '\''s/^[ABCDGIRSTW]* \([^ ]*\) \([^ ]*\)$/  {"lib\2", (void *) \&\2},/p'\'''
lt_cv_sys_global_symbol_to_cdecl='sed -n -e '\''s/^T .* \(.*\)$/extern int \1();/p'\'' -e '\''s/^[ABCDGIRSTW]* .* \(.*\)$/extern char \1;/p'\'''
lt_cv_sys_max_cmd_len=1572864
lt_cv_to_host_file_cmd=func_convert_file_noop
lt_cv_to_tool_file_cmd=func_convert_file_noop

## ----------------- ##
## Output variables. ##
## ----------------- ##

AR='ar'
AS='as'
AWK='gawk'
CC='gcc'
CC_BUILD='gcc'
CFLAGS='-g -O2 -fdebug-prefix-map=/root/dotkali/src/fontinstall/freetype-infinality/freetype-2.4.9=. -fstack-protector-strong -Wformat -Werror=format-security -D_GNU_SOURCE=1 -D_GNU_SOURCE=1 -DFT_CONFIG_OPTION_SYSTEM_ZLIB'
CPP='gcc -E'
CPPFLAGS='-Wdate-time -D_FORTIFY_SOURCE=2'
DEFS='-DHAVE_CONFIG_H'
DLLTOOL='false'
DSYMUTIL=''
DUMPBIN=''
ECHO_C=''
ECHO_N='-n'
ECHO_T=''
EGREP='/bin/grep -E'
EXEEXT=''
EXEEXT_BUILD=''
FGREP='/bin/grep -F'
FT2_EXTRA_LIBS=''
FTSYS_SRC='$(BUILD_DIR)/ftsystem.c'
GREP='/bin/grep'
INSTALL_DATA='${INSTALL} -m 644'
INSTALL_PROGRAM='${INSTALL}'
INSTALL_SCRIPT='${INSTALL}'
LD='/usr/bin/ld -m elf_x86_64'
LDFLAGS='-Wl,-z,relro -lm -lz'
LIBBZ2=''
LIBOBJS=''
LIBS=''
LIBTOOL='$(SHELL) $(top_builddir)/libtool'
LIBZ='-lz'
LIPO=''
LN_S='ln -s'
LTLIBOBJS=''
MANIFEST_TOOL=':'
NM='/usr/bin/nm -B'
NMEDIT=''
OBJDUMP='objdump'
OBJEXT='o'
OTOOL64=''
OTOOL=''
PACKAGE_BUGREPORT='freetype@nongnu.org'
PACKAGE_NAME='FreeType'
PACKAGE_STRING='FreeType 2.4.9'
PACKAGE_TARNAME='freetype'
PACKAGE_URL=''
PACKAGE_VERSION='2.4.9'
PATH_SEPARATOR=':'
RANLIB='ranlib'
RMDIR='rmdir'
RMF='rm -f'
SED='/bin/sed'
SHELL='/bin/bash'
STRIP='strip'
SYSTEM_ZLIB='yes'
XX_ANSIFLAGS='-pedantic -ansi'
XX_CFLAGS='-Wall'
ac_ct_AR='ar'
ac_ct_CC='gcc'
ac_ct_DUMPBIN=''
bindir='${exec_prefix}/bin'
build='x86_64-pc-linux-gnu'
build_alias='x86_64-linux-gnu'
build_cpu='x86_64'
build_libtool_libs=''
build_os='linux-gnu'
build_vendor='pc'
datadir='${datarootdir}'
datarootdir='${prefix}/share'
docdir='${datarootdir}/doc/${PACKAGE_TARNAME}'
dvidir='${docdir}'
exec_prefix='${prefix}'
ft_version='14.1.8'
ftmac_c=''
hardcode_libdir_flag_spec='${wl}-rpath ${wl}$libdir'
host='x86_64-pc-linux-gnu'
host_alias=''
host_cpu='x86_64'
host_os='linux-gnu'
host_vendor='pc'
htmldir='${docdir}'
includedir='${prefix}/include'
infodir='${prefix}/share/info'
libdir='/usr/lib/x86_64-linux-gnu/freetype-infinality'
libexecdir='${prefix}/lib/x86_64-linux-gnu'
localedir='${datarootdir}/locale'
localstatedir='/var'
mandir='${prefix}/share/man'
oldincludedir='/usr/include'
pdfdir='${docdir}'
prefix='/usr'
program_transform_name='s,x,x,'
psdir='${docdir}'
sbindir='${exec_prefix}/sbin'
sharedstatedir='${prefix}/com'
sysconfdir='/etc'
target_alias=''
version_info='14:1:8'
wl='-Wl,'

## ----------- ##
## confdefs.h. ##
## ----------- ##

/* confdefs.h */
#define PACKAGE_NAME "FreeType"
#define PACKAGE_TARNAME "freetype"
#define PACKAGE_VERSION "2.4.9"
#define PACKAGE_STRING "FreeType 2.4.9"
#define PACKAGE_BUGREPORT "freetype@nongnu.org"
#define PACKAGE_URL ""
#define STDC_HEADERS 1
#define HAVE_SYS_TYPES_H 1
#define HAVE_SYS_STAT_H 1
#define HAVE_STDLIB_H 1
#define HAVE_STRING_H 1
#define HAVE_MEMORY_H 1
#define HAVE_STRINGS_H 1
#define HAVE_INTTYPES_H 1
#define HAVE_STDINT_H 1
#define HAVE_UNISTD_H 1
#define HAVE_FCNTL_H 1
#define HAVE_UNISTD_H 1
#define SIZEOF_INT 4
#define SIZEOF_LONG 8
#define HAVE_STDLIB_H 1
#define HAVE_UNISTD_H 1
#define HAVE_SYS_PARAM_H 1
#define HAVE_GETPAGESIZE 1
#define HAVE_MMAP 1
#define HAVE_DECL_MUNMAP 1
#define MUNMAP_USES_VOIDP /**/
#define HAVE_MEMCPY 1
#define HAVE_MEMMOVE 1
#define HAVE_DLFCN_H 1
#define LT_OBJDIR ".libs/"

configure: exit 0
