dh_update_autotools_config
override_dh_auto_configure dh_auto_configure
dh_auto_configure
dh_auto_build
dh_auto_test
dh_prep
override_dh_auto_install dh_auto_install
dh_auto_install
override_dh_install dh_missing
override_dh_install dh_install
dh_install
dh_installdocs
override_dh_installchangelogs dh_installchangelogs
dh_installchangelogs
dh_installinit
dh_lintian
dh_perl
dh_link
dh_strip_nondeterminism
dh_compress
dh_fixperms
dh_missing
dh_strip
override_dh_makeshlibs dh_makeshlibs
dh_makeshlibs
dh_shlibdeps
dh_installdeb
dh_gencontrol
dh_md5sums
dh_builddeb
